<?xml version="1.0" encoding="UTF-8"?>
<coverage generated="1630453935800" clover="3.2.0">
  <project timestamp="1630453935800" name="All files">
    <metrics statements="19" coveredstatements="10" conditionals="0" coveredconditionals="0" methods="7" coveredmethods="4" elements="26" coveredelements="14" complexity="0" loc="19" ncloc="19" packages="1" files="2" classes="2"/>
    <file name="api-bc.js" path="D:\Github\webapp-convertmoney\lib\api-bc.js">
      <metrics statements="16" coveredstatements="7" conditionals="0" coveredconditionals="0" methods="5" coveredmethods="2"/>
      <line num="1" count="1" type="stmt"/>
      <line num="2" count="1" type="stmt"/>
      <line num="3" count="1" type="stmt"/>
      <line num="4" count="0" type="stmt"/>
      <line num="5" count="0" type="stmt"/>
      <line num="8" count="1" type="stmt"/>
      <line num="9" count="1" type="stmt"/>
      <line num="11" count="1" type="stmt"/>
      <line num="12" count="0" type="stmt"/>
      <line num="13" count="0" type="stmt"/>
      <line num="14" count="0" type="stmt"/>
      <line num="15" count="0" type="stmt"/>
      <line num="16" count="0" type="stmt"/>
      <line num="17" count="0" type="stmt"/>
      <line num="19" count="0" type="stmt"/>
      <line num="23" count="1" type="stmt"/>
    </file>
    <file name="money.js" path="D:\Github\webapp-convertmoney\lib\money.js">
      <metrics statements="3" coveredstatements="3" conditionals="0" coveredconditionals="0" methods="2" coveredmethods="2"/>
      <line num="1" count="1" type="stmt"/>
      <line num="2" count="2" type="stmt"/>
      <line num="4" count="1" type="stmt"/>
    </file>
  </project>
</coverage>
