{"D:\\Github\\webapp-convertmoney\\lib\\api-bc.js": {"path":"D:\\Github\\webapp-convertmoney\\lib\\api-bc.js","statementMap":{"0":{"start":{"line":1,"column":14},"end":{"line":1,"column":30}},"1":{"start":{"line":2,"column":15},"end":{"line":2,"column":232}},"2":{"start":{"line":2,"column":23},"end":{"line":2,"column":232}},"3":{"start":{"line":3,"column":17},"end":{"line":6,"column":1}},"4":{"start":{"line":4,"column":18},"end":{"line":4,"column":28}},"5":{"start":{"line":5,"column":4},"end":{"line":5,"column":78}},"6":{"start":{"line":8,"column":21},"end":{"line":8,"column":42}},"7":{"start":{"line":8,"column":28},"end":{"line":8,"column":42}},"8":{"start":{"line":9,"column":25},"end":{"line":9,"column":62}},"9":{"start":{"line":9,"column":32},"end":{"line":9,"column":62}},"10":{"start":{"line":11,"column":21},"end":{"line":21,"column":1}},"11":{"start":{"line":12,"column":4},"end":{"line":20,"column":5}},"12":{"start":{"line":13,"column":22},"end":{"line":13,"column":32}},"13":{"start":{"line":14,"column":20},"end":{"line":14,"column":33}},"14":{"start":{"line":15,"column":20},"end":{"line":15,"column":43}},"15":{"start":{"line":16,"column":26},"end":{"line":16,"column":47}},"16":{"start":{"line":17,"column":8},"end":{"line":17,"column":24}},"17":{"start":{"line":19,"column":8},"end":{"line":19,"column":17}},"18":{"start":{"line":23,"column":0},"end":{"line":27,"column":1}}},"fnMap":{"0":{"name":"(anonymous_0)","decl":{"start":{"line":2,"column":15},"end":{"line":2,"column":16}},"loc":{"start":{"line":2,"column":23},"end":{"line":2,"column":232}},"line":2},"1":{"name":"(anonymous_1)","decl":{"start":{"line":3,"column":17},"end":{"line":3,"column":18}},"loc":{"start":{"line":3,"column":23},"end":{"line":6,"column":1}},"line":3},"2":{"name":"(anonymous_2)","decl":{"start":{"line":8,"column":21},"end":{"line":8,"column":22}},"loc":{"start":{"line":8,"column":28},"end":{"line":8,"column":42}},"line":8},"3":{"name":"(anonymous_3)","decl":{"start":{"line":9,"column":25},"end":{"line":9,"column":26}},"loc":{"start":{"line":9,"column":32},"end":{"line":9,"column":62}},"line":9},"4":{"name":"(anonymous_4)","decl":{"start":{"line":11,"column":21},"end":{"line":11,"column":22}},"loc":{"start":{"line":11,"column":32},"end":{"line":21,"column":1}},"line":11}},"branchMap":{},"s":{"0":1,"1":1,"2":0,"3":1,"4":0,"5":0,"6":1,"7":1,"8":1,"9":1,"10":1,"11":0,"12":0,"13":0,"14":0,"15":0,"16":0,"17":0,"18":1},"f":{"0":0,"1":0,"2":1,"3":1,"4":0},"b":{},"_coverageSchema":"1a1c01bbd47fc00a2c39e90264f33305004495a9","hash":"17e87230c82def5a934cec14990f786a358443a2"}
,"D:\\Github\\webapp-convertmoney\\lib\\money.js": {"path":"D:\\Github\\webapp-convertmoney\\lib\\money.js","statementMap":{"0":{"start":{"line":1,"column":16},"end":{"line":1,"column":57}},"1":{"start":{"line":1,"column":39},"end":{"line":1,"column":57}},"2":{"start":{"line":2,"column":16},"end":{"line":2,"column":53}},"3":{"start":{"line":2,"column":25},"end":{"line":2,"column":53}},"4":{"start":{"line":4,"column":0},"end":{"line":7,"column":1}}},"fnMap":{"0":{"name":"(anonymous_0)","decl":{"start":{"line":1,"column":16},"end":{"line":1,"column":17}},"loc":{"start":{"line":1,"column":39},"end":{"line":1,"column":57}},"line":1},"1":{"name":"(anonymous_1)","decl":{"start":{"line":2,"column":16},"end":{"line":2,"column":17}},"loc":{"start":{"line":2,"column":25},"end":{"line":2,"column":53}},"line":2}},"branchMap":{},"s":{"0":1,"1":1,"2":1,"3":2,"4":1},"f":{"0":1,"1":2},"b":{},"_coverageSchema":"1a1c01bbd47fc00a2c39e90264f33305004495a9","hash":"556fee278ad57f067f2568cb01a744f42995fda5"}
}
