TN:
SF:lib\api-bc.js
FN:2,(anonymous_0)
FN:3,(anonymous_1)
FN:8,(anonymous_2)
FN:9,(anonymous_3)
FN:11,(anonymous_4)
FNF:5
FNH:2
FNDA:0,(anonymous_0)
FNDA:0,(anonymous_1)
FNDA:1,(anonymous_2)
FNDA:1,(anonymous_3)
FNDA:0,(anonymous_4)
DA:1,1
DA:2,1
DA:3,1
DA:4,0
DA:5,0
DA:8,1
DA:9,1
DA:11,1
DA:12,0
DA:13,0
DA:14,0
DA:15,0
DA:16,0
DA:17,0
DA:19,0
DA:23,1
LF:16
LH:7
BRF:0
BRH:0
end_of_record
TN:
SF:lib\money.js
FN:1,(anonymous_0)
FN:2,(anonymous_1)
FNF:2
FNH:2
FNDA:1,(anonymous_0)
FNDA:2,(anonymous_1)
DA:1,1
DA:2,2
DA:4,1
LF:3
LH:3
BRF:0
BRH:0
end_of_record
